[32m[1m----------------------------------------------------------------------------------------------
           _
          | |
     __  _| |     ___  __ _ _ __ _ __
     \ \/ / |    / _ \/ _` | '__| '_ \ 
      >  <| |___|  __/ (_| | |  | | | |
     /_/\_\_____/\___|\__,_|_|  |_| |_|

        xLearn   -- 0.40 Version --
----------------------------------------------------------------------------------------------

[39m[0m[32m[------------] [0mxLearn uses 64 threads for training task.
[32m[1m[ ACTION     ] Read Problem ...[0m
[32m[------------] [0mFirst check if the text file has been already converted to binary format.
[32m[------------] [0mBinary file (/afs/crc.nd.edu/user/z/zxu8/projects/QALO/examples/fm/train_ffm.txt.bin) NOT found. Convert text file to binary file.
[32m[------------] [0mFirst check if the text file has been already converted to binary format.
[32m[------------] [0mBinary file (/afs/crc.nd.edu/user/z/zxu8/projects/QALO/examples/fm/valid_ffm.txt.bin) NOT found. Convert text file to binary file.
[32m[------------] [0mNumber of Feature: 512
[32m[------------] [0mNumber of Field: 128
[32m[------------] [0mTime cost for reading problem: 0.10 (sec)
[32m[1m[ ACTION     ] Initialize model ...[0m
[32m[------------] [0mModel size: 4.00 MB
[32m[------------] [0mTime cost for model initial: 0.00 (sec)
[32m[1m[ ACTION     ] Start to train ...[0m
[32m[------------][0m Epoch      Train mse_loss       Test mse_loss           Test RMSD     Time cost (sec)
[32m[ [0m   0%[32m      ][0m     1       112617.601562         1224.186035           49.481026                0.82
[32m[ [0m   0%[32m      ][0m     2          914.244873          565.827209           33.640072                0.82
[32m[ [0m   0%[32m      ][0m     3          381.286591          286.955963           23.956459                0.90
[32m[ [0m   0%[32m      ][0m     4          217.893265          220.680008           21.008570                0.80
[32m[ [0m   0%[32m      ][0m     5          143.960495          179.841431           18.965307                0.80
[32m[ [0m   0%[32m      ][0m     6          102.546425          124.685814           15.791505                0.83
[32m[ [0m   0%[32m      ][0m     7           76.683876          103.436249           14.383063                0.84
[32m[ [0m   0%[32m      ][0m     8           59.466114           87.790962           13.250733                0.82
[32m[ [0m   0%[32m      ][0m     9           49.084938           78.005722           12.490454                0.81
[32m[ [0m   0%[32m      ][0m    10           40.027264           86.977661           13.189213                0.82
[32m[ [0m   0%[32m      ][0m    11           33.743271           65.690361           11.462143                0.97
[32m[ [0m   0%[32m      ][0m    12           28.232634           68.314835           11.688869                0.92
[32m[ [0m   0%[32m      ][0m    13           23.920986           66.732185           11.552678                0.83
[32m[ [0m   0%[32m      ][0m    14           20.840029           58.839851           10.848027                0.93
[32m[ [0m   0%[32m      ][0m    15           17.687286           54.203133           10.411833                0.80
[32m[ [0m   0%[32m      ][0m    16           16.066319           52.676235           10.264135                0.78
[32m[ [0m   0%[32m      ][0m    17           13.839256           46.354065            9.628506                0.80
[32m[ [0m   0%[32m      ][0m    18           12.575697           47.661739            9.763374                0.84
[32m[ [0m   0%[32m      ][0m    19           11.455177           47.291164            9.725345                0.84
[32m[ [0m   0%[32m      ][0m    20            9.994386           47.694111            9.766689                0.93
[32m[ [0m   0%[32m      ][0m    21            9.333053           43.300770            9.305995                0.85
[32m[ [0m   0%[32m      ][0m    22            8.195776           41.339718            9.092823                0.86
[32m[ [0m   0%[32m      ][0m    23            7.437154           41.440456            9.103895                0.83
[32m[ [0m   0%[32m      ][0m    24            6.913750           39.366074            8.873114                0.85
[32m[ [0m   0%[32m      ][0m    25            6.231665           40.425648            8.991735                0.95
[32m[ [0m   0%[32m      ][0m    26            5.932589           35.799538            8.461624                0.91
[32m[ [0m   0%[32m      ][0m    27            5.320047           33.923336            8.236909                0.80
[32m[ [0m   0%[32m      ][0m    28            4.969039           33.006081            8.124786                0.84
[32m[ [0m   0%[32m      ][0m    29            4.546727           34.083084            8.256281                0.80
[32m[ [0m   0%[32m      ][0m    30            4.286825           33.910683            8.235373                0.81
[32m[ [0m   0%[32m      ][0m    31            4.045198           33.376358            8.170234                0.89
[32m[ [0m   0%[32m      ][0m    32            3.736398           29.163921            7.637267                0.83
[32m[ [0m   0%[32m      ][0m    33            3.391977           34.940762            8.359517                0.81
[32m[ [0m   0%[32m      ][0m    34            3.454316           30.208593            7.772850                0.88
[32m[ [0m   0%[32m      ][0m    35            3.126406           28.257961            7.517707                0.75
[32m[ [0m   0%[32m      ][0m    36            2.858674           27.006453            7.349347                0.82
[32m[ [0m   0%[32m      ][0m    37            2.764265           25.843826            7.189413                0.86
[32m[ [0m   0%[32m      ][0m    38            2.552821           28.102291            7.496972                0.83
[32m[ [0m   0%[32m      ][0m    39            2.531661           25.908047            7.198339                0.82
[32m[ [0m   0%[32m      ][0m    40            2.423486           24.480627            6.997232                0.84
[32m[ [0m   0%[32m      ][0m    41            2.297243           24.714302            7.030548                0.86
[32m[ [0m   0%[32m      ][0m    42            2.226079           24.675076            7.024966                0.97
[32m[ [0m   0%[32m      ][0m    43            2.105229           24.468529            6.995502                0.84
[32m[ [0m   0%[32m      ][0m    44            2.009558           23.796930            6.898830                1.00
[32m[ [0m   0%[32m      ][0m    45            1.970631           21.392252            6.540987                0.90
[32m[ [0m   0%[32m      ][0m    46            1.834530           22.573404            6.719138                0.82
[32m[ [0m   0%[32m      ][0m    47            1.769562           22.314653            6.680517                0.84
[32m[ [0m   0%[32m      ][0m    48            1.739967           20.709200            6.435713                0.82
[32m[ [0m   0%[32m      ][0m    49            1.686846           21.361069            6.536217                0.87
[32m[ [0m   0%[32m      ][0m    50            1.644499           20.333477            6.377065                0.80
[32m[ [0m   0%[32m      ][0m    51            1.576474           21.114292            6.498353                0.85
[32m[ [0m   0%[32m      ][0m    52            1.539410           19.866478            6.303408                0.83
[32m[ [0m   0%[32m      ][0m    53            1.501877           18.911032            6.149964                0.82
[32m[ [0m   0%[32m      ][0m    54            1.478508           18.396727            6.065761                0.77
[32m[ [0m   0%[32m      ][0m    55            1.416804           20.110558            6.342012                0.84
[32m[ [0m   0%[32m      ][0m    56            1.449472           18.407555            6.067545                0.78
[32m[ [0m   0%[32m      ][0m    57            1.363865           18.575600            6.095179                0.88
[32m[ [0m   0%[32m      ][0m    58            1.382712           16.398096            5.726796                0.87
[32m[ [0m   0%[32m      ][0m    59            1.297061           17.784508            5.963976                0.78
[32m[ [0m   0%[32m      ][0m    60            1.334055           16.897930            5.813421                0.95
[32m[ [0m   0%[32m      ][0m    61            1.260991           17.319466            5.885485                0.93
[32m[ [0m   0%[32m      ][0m    62            1.246359           16.575293            5.757655                0.85
[32m[ [0m   0%[32m      ][0m    63            1.245010           17.107950            5.849436                0.93
[32m[ [0m   0%[32m      ][0m    64            1.223554           15.533935            5.573856                0.89
[32m[ [0m   0%[32m      ][0m    65            1.198349           15.502171            5.568154                0.79
[32m[ [0m   0%[32m      ][0m    66            1.193167           16.199991            5.692098                0.80
[32m[ [0m   0%[32m      ][0m    67            1.163231           15.444324            5.557756                0.81
[32m[ [0m   0%[32m      ][0m    68            1.203544           14.738438            5.429261                0.87
[32m[ [0m   0%[32m      ][0m    69            1.126627           15.210422            5.515509                0.90
[32m[ [0m   0%[32m      ][0m    70            1.128815           14.407020            5.367871                0.79
[32m[ [0m   0%[32m      ][0m    71            1.116166           14.890243            5.457150                0.82
[32m[ [0m   0%[32m      ][0m    72            1.121031           14.129347            5.315891                0.83
[32m[ [0m   0%[32m      ][0m    73            1.096600           13.374018            5.171850                0.94
[32m[ [0m   0%[32m      ][0m    74            1.077533           13.406955            5.178215                0.81
[32m[ [0m   0%[32m      ][0m    75            1.076505           12.586367            5.017243                0.81
[32m[ [0m   0%[32m      ][0m    76            1.055729           13.957922            5.283545                0.78
[32m[ [0m   0%[32m      ][0m    77            1.071877           13.443596            5.185286                0.84
[32m[ [0m   0%[32m      ][0m    78            1.058655           12.531230            5.006242                0.87
[32m[ [0m   0%[32m      ][0m    79            1.079083           11.392475            4.773358                0.86
[32m[ [0m   0%[32m      ][0m    80            1.039077           11.550982            4.806450                0.87
[32m[ [0m   0%[32m      ][0m    81            1.024421           11.495275            4.794846                0.87
[32m[ [0m   0%[32m      ][0m    82            1.026297           11.706321            4.838661                0.94
[32m[ [0m   0%[32m      ][0m    83            1.009036           11.203275            4.733556                0.79
[32m[ [0m   0%[32m      ][0m    84            0.993626           11.833723            4.864920                0.85
[32m[ [0m   0%[32m      ][0m    85            1.010142           11.561516            4.808641                0.92
[32m[ [0m   0%[32m      ][0m    86            1.011053           10.717489            4.629793                0.83
[32m[ [0m   0%[32m      ][0m    87            1.004529           10.472592            4.576591                0.82
[32m[ [0m   0%[32m      ][0m    88            0.977617           11.244807            4.742321                0.81
[32m[ [0m   0%[32m      ][0m    89            0.981772           10.602663            4.604924                0.81
[32m[ [0m   0%[32m      ][0m    90            0.982973           10.475867            4.577306                0.87
[32m[ [0m   0%[32m      ][0m    91            0.959970           10.531841            4.589519                0.85
[32m[ [0m   0%[32m      ][0m    92            0.964346            9.942765            4.459320                0.89
[32m[ [0m   0%[32m      ][0m    93            0.968938            9.764147            4.419083                0.92
[32m[ [0m   0%[32m      ][0m    94            0.973043           10.593662            4.602969                0.88
[32m[ [0m   0%[32m      ][0m    95            0.973097            9.251787            4.301578                0.88
[32m[ [0m   0%[32m      ][0m    96            0.969208            8.642099            4.157427                0.91
[32m[ [0m   0%[32m      ][0m    97            0.946617           10.090704            4.492372                0.80
[32m[ [0m   0%[32m      ][0m    98            0.956646            9.539930            4.368050                0.95
[32m[ [0m   0%[32m      ][0m    99            0.942623            9.308636            4.314774                0.90
[32m[ [0m   1%[32m      ][0m   100            0.987870            9.163344            4.280968                0.82
[32m[ [0m   1%[32m      ][0m   101            0.962934            9.153419            4.278649                0.80
[32m[ [0m   1%[32m      ][0m   102            0.945983            9.497827            4.358400                0.87
[32m[ [0m   1%[32m      ][0m   103            0.948515            9.704013            4.405454                0.87
[32m[ [0m   1%[32m      ][0m   104            0.939810            8.589557            4.144769                0.89
[32m[ [0m   1%[32m      ][0m   105            0.933603            9.297751            4.312250                0.86
[32m[ [0m   1%[32m      ][0m   106            0.939784            8.482107            4.118764                0.85
[32m[ [0m   1%[32m      ][0m   107            0.931157            8.615298            4.150975                0.91
[32m[ [0m   1%[32m      ][0m   108            0.950201            7.941368            3.985315                0.82
[32m[ [0m   1%[32m      ][0m   109            0.916875            8.860577            4.209650                0.91
[32m[ [0m   1%[32m      ][0m   110            0.935743            7.720042            3.929387                0.79
[32m[ [0m   1%[32m      ][0m   111            0.933534            8.215595            4.053541                0.83
[32m[ [0m   1%[32m      ][0m   112            0.937387            7.459646            3.862550                0.90
[32m[ [0m   1%[32m      ][0m   113            0.962487            7.716845            3.928573                0.85
[32m[ [0m   1%[32m      ][0m   114            0.896638            8.225480            4.055978                0.84
[32m[ [0m   1%[32m      ][0m   115            0.919617            7.859860            3.964810                0.80
[32m[ [0m   1%[32m      ][0m   116            0.925950            6.881033            3.709726                0.91
[32m[ [0m   1%[32m      ][0m   117            0.923507            7.274995            3.814445                0.96
[32m[ [0m   1%[32m      ][0m   118            0.931351            7.853340            3.963165                0.96
[32m[ [0m   1%[32m      ][0m   119            0.915723            8.103884            4.025887                0.82
[32m[1m[ ACTION     ] Early-stopping at epoch 116, best RMSD: 3.709726[0m
[32m[1m[ ACTION     ] Start to save model ...[0m
[32m[------------] [0mModel file: /afs/crc.nd.edu/user/z/zxu8/projects/QALO/examples/fm/train.model
[32m[------------] [0mTime cost for saving model: 0.03 (sec)
[32m[1m[ ACTION     ] Start to save txt model ...[0m
[32m[------------] [0mTXT Model file: /afs/crc.nd.edu/user/z/zxu8/projects/QALO/examples/fm/model.txt
[32m[------------] [0mTime cost for saving txt model: 0.23 (sec)
[32m[1m[ ACTION     ] Finish training[0m
[32m[1m[ ACTION     ] Clear the xLearn environment ...[0m
[32m[1m[------------] Total time cost: 102.07 (sec)[0m
total ffm train wall time: 102.06934714317322
